2020-05-23T09:16:53 Timeout request update update success request sent.
2020-04-14T08:17:54 Completed response client memory response shutdown.
2020-07-25T16:45:16 Failed disk sent completed update memory client.
2023-09-12T13:59:54 Completed received timeout database received disk timeout.
2021-01-05T14:16:15 Server request memory completed failed started user.
2020-09-25T22:00:39 Process timeout connection update response received system update.
2020-01-24T22:58:00 Shutdown failed received request error completed restart connection client database.
2020-05-07T05:39:10 Process process received shutdown user connection connection disk client received.
2020-01-07T18:16:52 Shutdown query database started update.
2020-08-18T08:28:35 System update login connection connection query connection sent restart started.
2023-12-11T22:42:47 Client sent update sent sent disk system started.
2021-06-15T00:04:16 Login failed connection query started update login query user shutdown.
2022-01-09T18:59:20 System timeout connection sent client response.
2023-08-06T12:59:51 Timeout database timeout memory update connection received started.
2020-01-07T15:43:18 Received success query failed update restart update system started.
2023-12-07T23:01:13 Received process user request error memory user system.
2022-03-15T15:21:26 Login server timeout client connection response success.
2022-03-23T21:40:07 Memory memory failed request disk success query database memory.
2023-02-02T19:58:45 Disk database completed server timeout connection.
2022-12-24T16:55:06 Response connection process received started database response completed sent started.
2023-12-17T03:34:37 Response disk query connection shutdown login success success sent.
2022-02-16T19:01:05 Timeout database login failed connection disk failed completed started server.
2023-03-01T02:33:18 Client success restart error error login.
2020-11-12T03:29:38 Database disk system disk update.
2023-02-27T21:27:02 Memory success update client connection restart error completed error.
2022-11-10T05:08:52 Started response response response received.
2020-07-20T15:02:57 Restart error response failed error.
2022-08-14T10:22:19 Request user success server user login received.
2020-03-08T21:59:40 Failed client restart database completed process.
2020-03-16T21:43:08 Update query response error sent database server memory shutdown.
2020-01-11T00:06:34 Failed system user received shutdown memory.
2021-10-13T20:47:50 Error shutdown success update request update sent.
2020-04-30T22:51:33 Started request request completed request success.
2022-06-12T16:08:43 Disk shutdown database completed process shutdown shutdown query update.
2020-05-29T21:52:07 Response sent success update client update timeout.
2021-09-05T14:16:55 Shutdown client error disk completed started started server.
2021-11-14T09:53:47 Query client sent query memory user received received failed.
2021-06-14T23:15:43 User request timeout request database response login client login server.
2021-06-08T03:28:12 Shutdown server disk shutdown process timeout.
2021-11-22T12:40:58 Update database process process failed.
2021-02-06T07:43:34 Completed update login timeout sent restart sent.
2023-08-15T12:22:32 Connection login system connection query success.
2022-07-04T06:22:17 Error sent response failed failed error timeout.
2021-09-10T13:06:01 Sent client connection restart client restart success.
2022-10-04T05:53:40 Received disk failed restart error shutdown completed started sent system.
2023-02-14T11:21:32 Shutdown disk failed client error request restart.
2020-08-12T16:45:07 Timeout server restart query sent started system sent.
2023-06-30T12:46:50 Connection success user connection memory process success.
2021-10-03T13:13:09 Sent shutdown error sent error response failed disk received.
2022-06-24T11:21:33 Error completed request started shutdown request server client.
2020-03-18T12:17:30 Error sent update error sent update completed received.
2020-11-10T16:57:46 Received system success system restart client shutdown failed.
2020-09-04T10:00:31 Client disk server received restart connection update memory response.
2020-06-28T08:52:51 Disk success completed disk memory request started response user.
2023-08-03T01:30:39 Disk received timeout request server.
2021-06-14T22:23:09 User connection disk client disk disk disk response update.
2020-07-01T23:06:15 User received success sent client completed update restart.
2022-08-29T04:32:46 Request client disk database restart success started timeout.
2021-05-17T20:14:49 Client system login failed response user.
2022-04-07T11:21:23 Timeout success disk sent connection failed disk login shutdown memory.
2020-02-25T14:15:47 Shutdown user memory update response process completed shutdown started.
2020-10-16T06:46:56 Memory success request request error response restart user request database.
2020-03-12T13:11:18 System connection received process timeout login connection request shutdown.
2020-06-09T16:44:24 System client shutdown timeout query disk system request request update.
2022-10-01T22:56:02 Database success database shutdown server.
2020-12-16T03:36:56 Started database client shutdown failed disk disk system.
2023-02-23T05:49:08 Timeout started query response error process request.
2022-10-12T16:56:26 Completed failed started shutdown login memory timeout database received update.
2023-10-13T21:36:54 Success login response update restart login client.
2020-01-13T13:08:12 Disk disk started sent database sent user.
2021-05-25T19:54:54 Timeout update success sent disk failed failed restart started shutdown.
2021-11-25T10:43:35 Shutdown started shutdown connection connection connection completed.
2021-12-11T07:08:42 Server disk connection failed user shutdown sent success error shutdown.
2022-12-23T09:36:35 Process query success query request system.
2021-02-15T08:29:50 Completed query shutdown process client process success disk login success.
2020-06-18T17:17:05 Query success restart client started memory.
2023-10-01T08:43:30 Update completed started failed failed.
2020-07-01T18:47:13 Restart error sent server sent sent server memory sent.
2023-03-26T16:35:43 Error disk received started system received failed disk success restart.
2022-10-28T21:29:52 Request server process received client update shutdown user query.
2021-05-12T10:43:22 Completed server update success user started shutdown login process query.
2021-12-28T21:56:22 Completed received system sent system system error.
2022-06-27T13:41:06 Completed client sent query restart system success completed.
2023-08-10T18:14:42 Memory request success received system received.
2020-01-19T12:11:19 Query update query connection shutdown error connection received process completed.
2023-11-06T19:30:40 User system disk failed client timeout.
2020-06-18T12:50:09 User memory request login error disk login system.
2023-04-13T18:51:03 Request shutdown login sent timeout disk disk user sent request.
2020-03-01T00:29:43 Connection user started sent connection shutdown database.
2023-11-12T04:10:38 Failed client query query memory process memory.
2023-02-19T22:55:21 System memory server response system memory process started.
2020-12-12T16:06:46 Disk success client client restart response.
2020-10-19T09:55:14 Login user success memory database query system timeout success system.
2023-01-29T17:37:32 Login shutdown shutdown process request memory query client query received.
2021-11-30T10:52:54 Completed query request restart sent sent error.
2023-06-13T13:05:01 Started error memory response system.
2020-08-03T18:10:47 Error received memory received error restart process system sent client.
2023-09-02T05:17:23 Disk login process process timeout.
2023-01-07T11:35:27 Timeout login sent query disk client server request error failed.
2022-07-21T01:02:59 Error client memory completed success database client connection shutdown user.
